2024-09-03 17:42:54 [main] INFO  testCases.TC001_AccountRegisterTest - ***** Starting TC001_AccountRegistrationTest *****
2024-09-03 17:42:54 [main] INFO  testCases.TC001_AccountRegisterTest - Clicked on MyAccount Link
2024-09-03 17:42:55 [main] INFO  testCases.TC001_AccountRegisterTest - Clicked on Register Link
2024-09-03 17:42:55 [main] INFO  testCases.TC001_AccountRegisterTest - Provided Account Creation Details
2024-09-03 17:42:59 [main] INFO  testCases.TC001_AccountRegisterTest - Validating Expected Message
2024-09-03 17:42:59 [main] INFO  testCases.TC001_AccountRegisterTest - ***** Finished TC001_AccountRegistratiomTest ****
2024-09-03 17:44:27 [main] INFO  testCases.TC001_AccountRegisterTest - ***** Starting TC001_AccountRegistrationTest *****
2024-09-03 17:44:27 [main] INFO  testCases.TC001_AccountRegisterTest - Clicked on MyAccount Link
2024-09-03 17:44:28 [main] INFO  testCases.TC001_AccountRegisterTest - Clicked on Register Link
2024-09-03 17:44:28 [main] INFO  testCases.TC001_AccountRegisterTest - Provided Account Creation Details
2024-09-03 17:44:32 [main] INFO  testCases.TC001_AccountRegisterTest - Validating Expected Message
2024-09-03 17:44:32 [main] INFO  testCases.TC001_AccountRegisterTest - ***** Finished TC001_AccountRegistratiomTest ****
2024-09-03 17:48:46 [main] INFO  testCases.TC001_AccountRegisterTest - ***** Starting TC001_AccountRegistrationTest *****
2024-09-03 17:48:46 [main] INFO  testCases.TC001_AccountRegisterTest - Clicked on MyAccount Link
2024-09-03 17:48:47 [main] INFO  testCases.TC001_AccountRegisterTest - Clicked on Register Link
2024-09-03 17:48:47 [main] INFO  testCases.TC001_AccountRegisterTest - Provided Account Creation Details
2024-09-03 17:48:52 [main] INFO  testCases.TC001_AccountRegisterTest - Validating Expected Message
2024-09-03 17:48:52 [main] INFO  testCases.TC001_AccountRegisterTest - ***** Finished TC001_AccountRegistratiomTest ****
2024-09-03 17:51:17 [main] ERROR testCases.TC001_AccountRegisterTest - Error during WebDriver initialization: 
java.lang.NullPointerException: Cannot invoke "org.openqa.selenium.WebDriver.manage()" because "testCases.BaseClass.driver" is null
	at testCases.BaseClass.setUp(BaseClass.java:100) ~[test-classes/:?]
	at java.base/jdk.internal.reflect.DirectMethodHandleAccessor.invoke(DirectMethodHandleAccessor.java:103) ~[?:?]
	at java.base/java.lang.reflect.Method.invoke(Method.java:580) ~[?:?]
	at org.testng.internal.MethodInvocationHelper.invokeMethod(MethodInvocationHelper.java:133) ~[org.testng_7.4.0.r202105021533.jar:7.4.0]
	at org.testng.internal.MethodInvocationHelper.invokeMethodConsideringTimeout(MethodInvocationHelper.java:62) ~[org.testng_7.4.0.r202105021533.jar:7.4.0]
	at org.testng.internal.ConfigInvoker.invokeConfigurationMethod(ConfigInvoker.java:385) ~[org.testng_7.4.0.r202105021533.jar:7.4.0]
	at org.testng.internal.ConfigInvoker.invokeConfigurations(ConfigInvoker.java:321) ~[org.testng_7.4.0.r202105021533.jar:7.4.0]
	at org.testng.internal.TestMethodWorker.invokeBeforeClassMethods(TestMethodWorker.java:176) ~[org.testng_7.4.0.r202105021533.jar:7.4.0]
	at org.testng.internal.TestMethodWorker.run(TestMethodWorker.java:122) ~[org.testng_7.4.0.r202105021533.jar:7.4.0]
	at java.base/java.util.ArrayList.forEach(ArrayList.java:1597) [?:?]
	at org.testng.TestRunner.privateRun(TestRunner.java:794) [org.testng_7.4.0.r202105021533.jar:7.4.0]
	at org.testng.TestRunner.run(TestRunner.java:596) [org.testng_7.4.0.r202105021533.jar:7.4.0]
	at org.testng.SuiteRunner.runTest(SuiteRunner.java:377) [org.testng_7.4.0.r202105021533.jar:7.4.0]
	at org.testng.SuiteRunner.runSequentially(SuiteRunner.java:371) [org.testng_7.4.0.r202105021533.jar:7.4.0]
	at org.testng.SuiteRunner.privateRun(SuiteRunner.java:332) [org.testng_7.4.0.r202105021533.jar:7.4.0]
	at org.testng.SuiteRunner.run(SuiteRunner.java:276) [org.testng_7.4.0.r202105021533.jar:7.4.0]
	at org.testng.SuiteRunnerWorker.runSuite(SuiteRunnerWorker.java:53) [org.testng_7.4.0.r202105021533.jar:7.4.0]
	at org.testng.SuiteRunnerWorker.run(SuiteRunnerWorker.java:96) [org.testng_7.4.0.r202105021533.jar:7.4.0]
	at org.testng.TestNG.runSuitesSequentially(TestNG.java:1212) [org.testng_7.4.0.r202105021533.jar:7.4.0]
	at org.testng.TestNG.runSuitesLocally(TestNG.java:1134) [org.testng_7.4.0.r202105021533.jar:7.4.0]
	at org.testng.TestNG.runSuites(TestNG.java:1063) [org.testng_7.4.0.r202105021533.jar:7.4.0]
	at org.testng.TestNG.run(TestNG.java:1031) [org.testng_7.4.0.r202105021533.jar:7.4.0]
	at org.testng.remote.AbstractRemoteTestNG.run(AbstractRemoteTestNG.java:115) [testng-remote.jar:?]
	at org.testng.remote.RemoteTestNG.initAndRun(RemoteTestNG.java:293) [testng-remote.jar:?]
	at org.testng.remote.RemoteTestNG.main(RemoteTestNG.java:91) [testng-remote.jar:?]
